<?xml version="1.0" encoding="UTF-8"?>
<coverage generated="1777755227712" clover="3.2.0">
  <project timestamp="1777755227712" name="All files">
    <metrics statements="31" coveredstatements="31" conditionals="28" coveredconditionals="24" methods="7" coveredmethods="7" elements="66" coveredelements="62" complexity="0" loc="31" ncloc="31" packages="1" files="1" classes="1"/>
    <file name="show-transformers.ts" path="/Users/tgerstle/code/aa_live_sites/mkesetlist/astro-app/src/utils/show-transformers.ts">
      <metrics statements="31" coveredstatements="31" conditionals="28" coveredconditionals="24" methods="7" coveredmethods="7"/>
      <line num="8" count="5" type="stmt"/>
      <line num="9" count="8" type="cond" truecount="1" falsecount="2"/>
      <line num="10" count="8" type="cond" truecount="1" falsecount="2"/>
      <line num="11" count="8" type="cond" truecount="4" falsecount="0"/>
      <line num="14" count="5" type="stmt"/>
      <line num="15" count="5" type="stmt"/>
      <line num="16" count="5" type="stmt"/>
      <line num="17" count="5" type="stmt"/>
      <line num="18" count="5" type="stmt"/>
      <line num="20" count="5" type="stmt"/>
      <line num="21" count="8" type="cond" truecount="2" falsecount="0"/>
      <line num="22" count="8" type="cond" truecount="2" falsecount="0"/>
      <line num="24" count="8" type="cond" truecount="2" falsecount="0"/>
      <line num="25" count="7" type="cond" truecount="2" falsecount="0"/>
      <line num="26" count="3" type="stmt"/>
      <line num="28" count="7" type="stmt"/>
      <line num="29" count="7" type="stmt"/>
      <line num="30" count="7" type="stmt"/>
      <line num="32" count="8" type="stmt"/>
      <line num="33" count="8" type="stmt"/>
      <line num="36" count="5" type="cond" truecount="4" falsecount="0"/>
      <line num="37" count="4" type="stmt"/>
      <line num="40" count="5" type="stmt"/>
      <line num="52" count="2" type="stmt"/>
      <line num="55" count="2" type="stmt"/>
      <line num="56" count="4" type="cond" truecount="2" falsecount="0"/>
      <line num="57" count="3" type="stmt"/>
      <line num="62" count="2" type="stmt"/>
      <line num="63" count="4" type="cond" truecount="2" falsecount="0"/>
      <line num="64" count="3" type="stmt"/>
      <line num="68" count="3" type="cond" truecount="2" falsecount="0"/>
    </file>
  </project>
</coverage>
