{"/Users/tgerstle/code/aa_live_sites/mkesetlist/astro-app/src/utils/show-transformers.ts": {"path":"/Users/tgerstle/code/aa_live_sites/mkesetlist/astro-app/src/utils/show-transformers.ts","statementMap":{"0":{"start":{"line":8,"column":17},"end":{"line":12,"column":null}},"1":{"start":{"line":9,"column":18},"end":{"line":9,"column":null}},"2":{"start":{"line":10,"column":18},"end":{"line":10,"column":null}},"3":{"start":{"line":11,"column":4},"end":{"line":11,"column":null}},"4":{"start":{"line":14,"column":27},"end":{"line":14,"column":null}},"5":{"start":{"line":15,"column":32},"end":{"line":15,"column":null}},"6":{"start":{"line":16,"column":31},"end":{"line":16,"column":null}},"7":{"start":{"line":17,"column":25},"end":{"line":17,"column":null}},"8":{"start":{"line":18,"column":21},"end":{"line":18,"column":null}},"9":{"start":{"line":20,"column":2},"end":{"line":34,"column":null}},"10":{"start":{"line":21,"column":19},"end":{"line":21,"column":null}},"11":{"start":{"line":22,"column":4},"end":{"line":22,"column":null}},"12":{"start":{"line":22,"column":19},"end":{"line":22,"column":null}},"13":{"start":{"line":24,"column":4},"end":{"line":31,"column":null}},"14":{"start":{"line":25,"column":6},"end":{"line":27,"column":null}},"15":{"start":{"line":26,"column":8},"end":{"line":26,"column":null}},"16":{"start":{"line":28,"column":6},"end":{"line":28,"column":null}},"17":{"start":{"line":29,"column":6},"end":{"line":29,"column":null}},"18":{"start":{"line":30,"column":6},"end":{"line":30,"column":null}},"19":{"start":{"line":32,"column":4},"end":{"line":32,"column":null}},"20":{"start":{"line":33,"column":4},"end":{"line":33,"column":null}},"21":{"start":{"line":36,"column":2},"end":{"line":38,"column":null}},"22":{"start":{"line":37,"column":4},"end":{"line":37,"column":null}},"23":{"start":{"line":40,"column":2},"end":{"line":40,"column":null}},"24":{"start":{"line":52,"column":42},"end":{"line":52,"column":null}},"25":{"start":{"line":55,"column":2},"end":{"line":59,"column":null}},"26":{"start":{"line":56,"column":4},"end":{"line":58,"column":null}},"27":{"start":{"line":57,"column":6},"end":{"line":57,"column":null}},"28":{"start":{"line":62,"column":2},"end":{"line":66,"column":null}},"29":{"start":{"line":63,"column":4},"end":{"line":65,"column":null}},"30":{"start":{"line":64,"column":6},"end":{"line":64,"column":null}},"31":{"start":{"line":68,"column":2},"end":{"line":68,"column":null}},"32":{"start":{"line":68,"column":43},"end":{"line":68,"column":77}}},"fnMap":{"0":{"name":"groupByDate","decl":{"start":{"line":7,"column":16},"end":{"line":7,"column":28}},"loc":{"start":{"line":7,"column":43},"end":{"line":41,"column":null}},"line":7},"1":{"name":"(anonymous_1)","decl":{"start":{"line":8,"column":33},"end":{"line":8,"column":34}},"loc":{"start":{"line":8,"column":43},"end":{"line":12,"column":3}},"line":8},"2":{"name":"(anonymous_2)","decl":{"start":{"line":20,"column":17},"end":{"line":20,"column":18}},"loc":{"start":{"line":20,"column":27},"end":{"line":34,"column":3}},"line":20},"3":{"name":"aggregateShowsByVenue","decl":{"start":{"line":51,"column":16},"end":{"line":51,"column":38}},"loc":{"start":{"line":51,"column":70},"end":{"line":69,"column":null}},"line":51},"4":{"name":"(anonymous_4)","decl":{"start":{"line":55,"column":17},"end":{"line":55,"column":18}},"loc":{"start":{"line":55,"column":24},"end":{"line":59,"column":3}},"line":55},"5":{"name":"(anonymous_5)","decl":{"start":{"line":62,"column":16},"end":{"line":62,"column":17}},"loc":{"start":{"line":62,"column":26},"end":{"line":66,"column":3}},"line":62},"6":{"name":"(anonymous_6)","decl":{"start":{"line":68,"column":36},"end":{"line":68,"column":37}},"loc":{"start":{"line":68,"column":43},"end":{"line":68,"column":77}},"line":68}},"branchMap":{"0":{"loc":{"start":{"line":9,"column":27},"end":{"line":9,"column":55}},"type":"binary-expr","locations":[{"start":{"line":9,"column":27},"end":{"line":9,"column":37}},{"start":{"line":9,"column":37},"end":{"line":9,"column":53}},{"start":{"line":9,"column":53},"end":{"line":9,"column":55}}],"line":9},"1":{"loc":{"start":{"line":10,"column":27},"end":{"line":10,"column":55}},"type":"binary-expr","locations":[{"start":{"line":10,"column":27},"end":{"line":10,"column":37}},{"start":{"line":10,"column":37},"end":{"line":10,"column":53}},{"start":{"line":10,"column":53},"end":{"line":10,"column":55}}],"line":10},"2":{"loc":{"start":{"line":11,"column":12},"end":{"line":11,"column":27}},"type":"binary-expr","locations":[{"start":{"line":11,"column":12},"end":{"line":11,"column":21}},{"start":{"line":11,"column":21},"end":{"line":11,"column":27}}],"line":11},"3":{"loc":{"start":{"line":11,"column":27},"end":{"line":11,"column":null}},"type":"binary-expr","locations":[{"start":{"line":11,"column":27},"end":{"line":11,"column":36}},{"start":{"line":11,"column":36},"end":{"line":11,"column":null}}],"line":11},"4":{"loc":{"start":{"line":21,"column":19},"end":{"line":21,"column":null}},"type":"binary-expr","locations":[{"start":{"line":21,"column":19},"end":{"line":21,"column":32}},{"start":{"line":21,"column":32},"end":{"line":21,"column":null}}],"line":21},"5":{"loc":{"start":{"line":22,"column":4},"end":{"line":22,"column":null}},"type":"if","locations":[{"start":{"line":22,"column":4},"end":{"line":22,"column":null}},{"start":{},"end":{}}],"line":22},"6":{"loc":{"start":{"line":24,"column":4},"end":{"line":31,"column":null}},"type":"if","locations":[{"start":{"line":24,"column":4},"end":{"line":31,"column":null}},{"start":{},"end":{}}],"line":24},"7":{"loc":{"start":{"line":25,"column":6},"end":{"line":27,"column":null}},"type":"if","locations":[{"start":{"line":25,"column":6},"end":{"line":27,"column":null}},{"start":{},"end":{}}],"line":25},"8":{"loc":{"start":{"line":36,"column":2},"end":{"line":38,"column":null}},"type":"if","locations":[{"start":{"line":36,"column":2},"end":{"line":38,"column":null}},{"start":{},"end":{}}],"line":36},"9":{"loc":{"start":{"line":36,"column":6},"end":{"line":36,"column":51}},"type":"binary-expr","locations":[{"start":{"line":36,"column":6},"end":{"line":36,"column":26}},{"start":{"line":36,"column":26},"end":{"line":36,"column":51}}],"line":36},"10":{"loc":{"start":{"line":56,"column":4},"end":{"line":58,"column":null}},"type":"if","locations":[{"start":{"line":56,"column":4},"end":{"line":58,"column":null}},{"start":{},"end":{}}],"line":56},"11":{"loc":{"start":{"line":63,"column":4},"end":{"line":65,"column":null}},"type":"if","locations":[{"start":{"line":63,"column":4},"end":{"line":65,"column":null}},{"start":{},"end":{}}],"line":63},"12":{"loc":{"start":{"line":68,"column":43},"end":{"line":68,"column":77}},"type":"binary-expr","locations":[{"start":{"line":68,"column":43},"end":{"line":68,"column":65}},{"start":{"line":68,"column":65},"end":{"line":68,"column":77}}],"line":68}},"s":{"0":5,"1":8,"2":8,"3":8,"4":5,"5":5,"6":5,"7":5,"8":5,"9":5,"10":8,"11":8,"12":1,"13":8,"14":7,"15":3,"16":7,"17":7,"18":7,"19":8,"20":8,"21":5,"22":4,"23":5,"24":2,"25":2,"26":4,"27":3,"28":2,"29":4,"30":3,"31":2,"32":3},"f":{"0":5,"1":8,"2":8,"3":2,"4":4,"5":4,"6":3},"b":{"0":[8,0,0],"1":[8,0,0],"2":[8,1],"3":[8,2],"4":[8,2],"5":[1,7],"6":[7,1],"7":[3,4],"8":[4,1],"9":[5,4],"10":[3,1],"11":[3,1],"12":[3,1]},"meta":{"lastBranch":13,"lastFunction":7,"lastStatement":33,"seen":{"f:7:16:7:28":0,"s:8:17:12:Infinity":0,"f:8:33:8:34":1,"s:9:18:9:Infinity":1,"b:9:27:9:37:9:37:9:53:9:53:9:55":0,"s:10:18:10:Infinity":2,"b:10:27:10:37:10:37:10:53:10:53:10:55":1,"s:11:4:11:Infinity":3,"b:11:12:11:21:11:21:11:27":2,"b:11:27:11:36:11:36:11:Infinity":3,"s:14:27:14:Infinity":4,"s:15:32:15:Infinity":5,"s:16:31:16:Infinity":6,"s:17:25:17:Infinity":7,"s:18:21:18:Infinity":8,"s:20:2:34:Infinity":9,"f:20:17:20:18":2,"s:21:19:21:Infinity":10,"b:21:19:21:32:21:32:21:Infinity":4,"b:22:4:22:Infinity:undefined:undefined:undefined:undefined":5,"s:22:4:22:Infinity":11,"s:22:19:22:Infinity":12,"b:24:4:31:Infinity:undefined:undefined:undefined:undefined":6,"s:24:4:31:Infinity":13,"b:25:6:27:Infinity:undefined:undefined:undefined:undefined":7,"s:25:6:27:Infinity":14,"s:26:8:26:Infinity":15,"s:28:6:28:Infinity":16,"s:29:6:29:Infinity":17,"s:30:6:30:Infinity":18,"s:32:4:32:Infinity":19,"s:33:4:33:Infinity":20,"b:36:2:38:Infinity:undefined:undefined:undefined:undefined":8,"s:36:2:38:Infinity":21,"b:36:6:36:26:36:26:36:51":9,"s:37:4:37:Infinity":22,"s:40:2:40:Infinity":23,"f:51:16:51:38":3,"s:52:42:52:Infinity":24,"s:55:2:59:Infinity":25,"f:55:17:55:18":4,"b:56:4:58:Infinity:undefined:undefined:undefined:undefined":10,"s:56:4:58:Infinity":26,"s:57:6:57:Infinity":27,"s:62:2:66:Infinity":28,"f:62:16:62:17":5,"b:63:4:65:Infinity:undefined:undefined:undefined:undefined":11,"s:63:4:65:Infinity":29,"s:64:6:64:Infinity":30,"s:68:2:68:Infinity":31,"f:68:36:68:37":6,"s:68:43:68:77":32,"b:68:43:68:65:68:65:68:77":12}}}
}
